This is my file format: usbcam%03d.h264
starting uploader.py...
ftp_open done
Upload of ' usbcamA024.h264 ' complete.
Upload of ' usbcamA025.h264 ' complete.
Upload of ' usbcamA026.h264 ' complete.
Upload of ' usbcamA027.h264 ' complete.
Upload of ' usbcamA028.h264 ' complete.
Upload of ' usbcamA029.h264 ' complete.
Upload of ' usbcamA030.h264 ' complete.
Upload of ' usbcamA031.h264 ' complete.
Upload of ' usbcamA032.h264 ' complete.
Upload of ' usbcamA033.h264 ' complete.
Upload of ' usbcamA034.h264 ' complete.
Upload of ' usbcamA035.h264 ' complete.
Upload of ' usbcamA036.h264 ' complete.
Upload of ' usbcamA037.h264 ' complete.
Upload of ' usbcamA038.h264 ' complete.
Upload of ' usbcamA039.h264 ' complete.
Upload of ' usbcamA040.h264 ' complete.
Upload of ' usbcamA041.h264 ' complete.
Upload of ' usbcamA042.h264 ' complete.
Upload of ' usbcamA043.h264 ' complete.
Upload of ' usbcamA044.h264 ' complete.
Upload of ' usbcamA045.h264 ' complete.
Upload of ' usbcamA046.h264 ' complete.
Upload of ' usbcamA047.h264 ' complete.
Upload of ' usbcamA048.h264 ' complete.
Upload of ' usbcamA049.h264 ' complete.
Upload of ' usbcamA050.h264 ' complete.
Upload of ' usbcamA051.h264 ' complete.
Upload of ' usbcamA052.h264 ' complete.
Upload of ' usbcamA053.h264 ' complete.
Upload of ' usbcamA054.h264 ' complete.
Upload of ' usbcamA055.h264 ' complete.
Upload of ' usbcamA056.h264 ' complete.
Upload of ' usbcamA057.h264 ' complete.
Upload of ' usbcamA058.h264 ' complete.
Upload of ' usbcamA059.h264 ' complete.
Upload of ' usbcamA060.h264 ' complete.
uploading error
upload process finished
This is my file format: usbcam%03d.h264
starting uploader.py...
ftp_open done
uploading error
upload process finished
This is my file format: usbcam%03d.h264
starting uploader.py...
ftp_open done
Upload of ' usbcamA061.h264 ' complete.
Upload of ' usbcamA062.h264 ' complete.
Upload of ' usbcamA063.h264 ' complete.
Upload of ' usbcamA064.h264 ' complete.
Upload of ' usbcamA065.h264 ' complete.
Upload of ' usbcamA066.h264 ' complete.
Upload of ' usbcamA067.h264 ' complete.
Upload of ' usbcamA068.h264 ' complete.
Upload of ' usbcamA069.h264 ' complete.
Upload of ' usbcamA070.h264 ' complete.
Upload of ' usbcamA071.h264 ' complete.
Upload of ' usbcamA072.h264 ' complete.
Upload of ' usbcamA073.h264 ' complete.
Upload of ' usbcamA074.h264 ' complete.
Upload of ' usbcamA075.h264 ' complete.
Upload of ' usbcamA076.h264 ' complete.
Upload of ' usbcamA077.h264 ' complete.
Upload of ' usbcamA078.h264 ' complete.
Upload of ' usbcamA079.h264 ' complete.
Upload of ' usbcamA080.h264 ' complete.
Upload of ' usbcamA081.h264 ' complete.
Upload of ' usbcamA082.h264 ' complete.
Upload of ' usbcamA083.h264 ' complete.
Upload of ' usbcamA084.h264 ' complete.
Upload of ' usbcamA085.h264 ' complete.
Upload of ' usbcamA086.h264 ' complete.
Upload of ' usbcamA087.h264 ' complete.
Upload of ' usbcamA088.h264 ' complete.
Upload of ' usbcamA089.h264 ' complete.
Upload of ' usbcamA090.h264 ' complete.
Upload of ' usbcamA091.h264 ' complete.
Upload of ' usbcamA092.h264 ' complete.
Upload of ' usbcamA093.h264 ' complete.
Upload of ' usbcamA094.h264 ' complete.
Upload of ' usbcamA095.h264 ' complete.
Upload of ' usbcamA096.h264 ' complete.
Upload of ' usbcamA097.h264 ' complete.
Upload of ' usbcamA098.h264 ' complete.
Upload of ' usbcamA099.h264 ' complete.
Upload of ' usbcamA100.h264 ' complete.
Upload of ' usbcamA101.h264 ' complete.
Upload of ' usbcamA102.h264 ' complete.
Upload of ' usbcamA103.h264 ' complete.
Upload of ' usbcamA104.h264 ' complete.
Upload of ' usbcamA105.h264 ' complete.
Upload of ' usbcamA106.h264 ' complete.
Upload of ' usbcamA107.h264 ' complete.
Upload of ' usbcamA108.h264 ' complete.
Upload of ' usbcamA109.h264 ' complete.
Upload of 